Watching for file changes with StatReloader
Watching for file changes with StatReloader
"GET / HTTP/1.1" 200 12068
Not Found: /favicon.ico
"GET /favicon.ico HTTP/1.1" 404 2205
/media/ram/bcf425cb-16c6-4866-8692-98b1d6878b05/Projects/HTP/HTP/urls.py changed, reloading.
Watching for file changes with StatReloader
Watching for file changes with StatReloader
"GET / HTTP/1.1" 200 0
/media/ram/bcf425cb-16c6-4866-8692-98b1d6878b05/Projects/HTP/HTP/urls.py changed, reloading.
Watching for file changes with StatReloader
"GET / HTTP/1.1" 200 19181
Not Found: /images/h1.jpg
Not Found: /images/h4.webp
Not Found: /images/sm1.jpg
Not Found: /images/h2.jpeg
Not Found: /images/h7.jpeg
"GET /images/h1.jpg HTTP/1.1" 404 2458
"GET /images/sm1.jpg HTTP/1.1" 404 2461
"GET /images/h4.webp HTTP/1.1" 404 2461
"GET /images/h2.jpeg HTTP/1.1" 404 2461
"GET /images/h7.jpeg HTTP/1.1" 404 2461
Not Found: /images/h2.jpeg
Not Found: /images/h1.jpg
Not Found: /images/14.jpg
"GET /images/14.jpg HTTP/1.1" 404 2458
Not Found: /images/014.jpeg
"GET /images/h1.jpg HTTP/1.1" 404 2458
"GET /images/h2.jpeg HTTP/1.1" 404 2461
"GET /images/014.jpeg HTTP/1.1" 404 2464
"GET / HTTP/1.1" 200 29676
Not Found: /about
"GET /about HTTP/1.1" 404 2434
"GET / HTTP/1.1" 200 33165
Not Found: /contact
"GET /contact HTTP/1.1" 404 2440
